--- query 01 (count)
SELECT COUNT(*) FROM data
1000000  

--- query 02 (count, where)
SELECT COUNT(*) FROM data WHERE customerRegion = 'A' AND productID >= 100 AND productID <= 500 AND quantity > 1
65157  

--- query 03 (count, where, in)
SELECT COUNT(*) FROM data WHERE customerTownID >= 5 AND customerTownID <= 75 AND customerRegion IN ('B','C','G') AND productID >= 50 AND productID <= 500 AND quantity <= 2
25174  

--- query 04 (count, where, not in)
SELECT COUNT(*) FROM data WHERE customerTownID >= 10 AND customerTownID <= 15 AND customerRegion NOT IN ('A','B','C','H') AND productID >= 50 AND productID <= 100 AND quantity <= 2
273  

--- query 05 (sum, where, in)
SELECT SUM(quantity) FROM data WHERE customerTownID >= 5 AND customerTownID <= 75 AND customerRegion IN ('A','B','C','D') AND productID = 50
225  

--- query 06 (avg, where, not in)
SELECT AVG(quantity) FROM data WHERE customerTownID <= 100 AND customerRegion NOT IN ('B','D','G') AND productID >= 125 AND productID <= 425
1  

--- query 07 (id, where, in, order by desc limit)
SELECT id FROM data WHERE customerTownID >= 10 AND customerTownID <= 15 AND customerRegion IN ('A','B') AND productID >= 50 AND productID <= 55 AND quantity = 3 ORDER BY customerTownID DESC LIMIT 3
614041  
651807  
798192  

--- query 08 (id, where, in, order by desc, order by asc)
SELECT id FROM data WHERE customerTownID >= 5 AND customerTownID <= 7 AND customerRegion IN ('A','B') AND productID >= 250 AND productID <= 252 AND quantity = 1 ORDER BY quantity DESC,customerTownID
970370  

--- query 09 (count, group by)
SELECT customerRegion,COUNT(*) FROM data GROUP BY customerRegion
D 126065  
G 153623  
C 118360  
A 181494  
E 135157  
B 135671  
F 149630  

--- query 10 (count, where, group by)
SELECT productID,COUNT(*) FROM data WHERE customerRegion = 'C' AND productID <= 10 AND quantity <= 2 GROUP BY productID
6 113  
9 111  
8 108  
2 106  
7 116  
3 106  
10 117  
1 112  
5 111  
4 98  

--- query 11 (count, where, in, group by)
SELECT customerRegion,COUNT(*) FROM data WHERE customerRegion IN ('A','B','C') AND productID >= 125 AND productID <= 425 AND quantity > 1 GROUP BY customerRegion
A 49029  
C 31797  
B 36502  

--- query 12 (count, where, not in, group by)
SELECT customerRegion,COUNT(*) FROM data WHERE customerRegion NOT IN ('B','D','F','G') AND customerTownID <= 275 AND productID <= 300 GROUP BY customerRegion
E 29631  
A 48721  
C 22018  

--- query 13 (sum, where, not in, in, group by)
SELECT customerRegion,SUM(quantity) FROM data WHERE customerRegion NOT IN ('B','C','D') AND customerTownID >= 50 AND customerTownID <= 100 AND productID IN (5,10,15,20,15) GROUP BY customerRegion
A 231  
E 150  
F 236  
G 118  

--- query 14 (avg, where, in, in, group by)
SELECT productID,AVG(deliveryTimeInHours) FROM data WHERE customerRegion IN ('C','D','E') AND customerTownID >= 50 AND customerTownID <= 100 AND productID IN (10,20,30,40,50) GROUP BY productID
40 27  
30 28  
10 25  
50 26  
20 28  

